[17:39:49] [Server thread/INFO]: Starting minecraft server version 1.8.8
[17:39:49] [Server thread/INFO]: Loading properties
[17:39:49] [Server thread/INFO]: Default game type: SURVIVAL
[17:39:49] [Server thread/INFO]: This server is running CraftBukkit version git-Spigot-db6de12-18fbb24 (MC: 1.8.8) (Implementing API version 1.8.8-R0.1-SNAPSHOT)
[17:39:49] [Server thread/INFO]: Unable to find file banned-players.json, creating it.
[17:39:49] [Server thread/INFO]: Unable to find file banned-ips.json, creating it.
[17:39:49] [Server thread/INFO]: Unable to find file ops.json, creating it.
[17:39:49] [Server thread/INFO]: Unable to find file whitelist.json, creating it.
[17:39:49] [Server thread/INFO]: Debug logging is disabled
[17:39:49] [Server thread/INFO]: Server Ping Player Sample Count: 12
[17:39:49] [Server thread/INFO]: Using 4 threads for Netty based IO
[17:39:49] [Server thread/INFO]: Generating keypair
[17:39:50] [Server thread/INFO]: Starting Minecraft server on *:25565
[17:39:50] [Server thread/INFO]: Using default channel type
[17:39:50] [Server thread/INFO]: **** Beginning UUID conversion, this may take A LONG time ****
[17:39:50] [Server thread/INFO]: Preparing level "world"
[17:39:50] [Server thread/INFO]: -------- World Settings For [world] --------
[17:39:50] [Server thread/INFO]: Item Despawn Rate: 6000
[17:39:50] [Server thread/INFO]: Item Merge Radius: 2.5
[17:39:50] [Server thread/INFO]: Arrow Despawn Rate: 1200
[17:39:50] [Server thread/INFO]: View Distance: 10
[17:39:50] [Server thread/INFO]: Zombie Aggressive Towards Villager: true
[17:39:50] [Server thread/INFO]: Max Entity Collisions: 8
[17:39:50] [Server thread/INFO]: Custom Map Seeds:  Village: 10387312 Feature: 14357617
[17:39:50] [Server thread/INFO]: Max TNT Explosions: 100
[17:39:50] [Server thread/INFO]: Tile Max Tick Time: 50ms Entity max Tick Time: 50ms
[17:39:50] [Server thread/INFO]: Sending up to 10 chunks per packet
[17:39:50] [Server thread/INFO]: Entity Tracking Range: Pl 48 / An 48 / Mo 48 / Mi 32 / Other 64
[17:39:50] [Server thread/INFO]: Hopper Transfer: 8 Hopper Check: 8 Hopper Amount: 1
[17:39:50] [Server thread/INFO]: Random Lighting Updates: false
[17:39:50] [Server thread/INFO]: Structure Info Saving: true
[17:39:50] [Server thread/INFO]: Entity Activation Range: An 32 / Mo 32 / Mi 16
[17:39:50] [Server thread/INFO]: Nerfing mobs spawned from spawners: false
[17:39:50] [Server thread/INFO]: Cactus Growth Modifier: 100%
[17:39:50] [Server thread/INFO]: Cane Growth Modifier: 100%
[17:39:50] [Server thread/INFO]: Melon Growth Modifier: 100%
[17:39:50] [Server thread/INFO]: Mushroom Growth Modifier: 100%
[17:39:50] [Server thread/INFO]: Pumpkin Growth Modifier: 100%
[17:39:50] [Server thread/INFO]: Sapling Growth Modifier: 100%
[17:39:50] [Server thread/INFO]: Wheat Growth Modifier: 100%
[17:39:50] [Server thread/INFO]: NetherWart Growth Modifier: 100%
[17:39:50] [Server thread/INFO]: Anti X-Ray: true
[17:39:50] [Server thread/INFO]: 	Engine Mode: 1
[17:39:50] [Server thread/INFO]: 	Hidden Blocks: [14, 15, 16, 21, 48, 49, 54, 56, 73, 74, 82, 129, 130]
[17:39:50] [Server thread/INFO]: 	Replace Blocks: [1, 5]
[17:39:50] [Server thread/INFO]: Mob Spawn Range: 4
[17:39:50] [Server thread/INFO]: Allow Zombie Pigmen to spawn from portal blocks: true
[17:39:50] [Server thread/INFO]: Chunks to Grow per Tick: 650
[17:39:50] [Server thread/INFO]: Clear tick list: false
[17:39:50] [Server thread/INFO]: Experience Merge Radius: 3.0
[17:39:50] [Server thread/INFO]: -------- World Settings For [world_nether] --------
[17:39:50] [Server thread/INFO]: Item Despawn Rate: 6000
[17:39:50] [Server thread/INFO]: Item Merge Radius: 2.5
[17:39:50] [Server thread/INFO]: Arrow Despawn Rate: 1200
[17:39:50] [Server thread/INFO]: View Distance: 10
[17:39:50] [Server thread/INFO]: Zombie Aggressive Towards Villager: true
[17:39:50] [Server thread/INFO]: Max Entity Collisions: 8
[17:39:50] [Server thread/INFO]: Custom Map Seeds:  Village: 10387312 Feature: 14357617
[17:39:50] [Server thread/INFO]: Max TNT Explosions: 100
[17:39:50] [Server thread/INFO]: Tile Max Tick Time: 50ms Entity max Tick Time: 50ms
[17:39:50] [Server thread/INFO]: Sending up to 10 chunks per packet
[17:39:50] [Server thread/INFO]: Entity Tracking Range: Pl 48 / An 48 / Mo 48 / Mi 32 / Other 64
[17:39:50] [Server thread/INFO]: Hopper Transfer: 8 Hopper Check: 8 Hopper Amount: 1
[17:39:50] [Server thread/INFO]: Random Lighting Updates: false
[17:39:50] [Server thread/INFO]: Structure Info Saving: true
[17:39:50] [Server thread/INFO]: Entity Activation Range: An 32 / Mo 32 / Mi 16
[17:39:50] [Server thread/INFO]: Nerfing mobs spawned from spawners: false
[17:39:50] [Server thread/INFO]: Cactus Growth Modifier: 100%
[17:39:50] [Server thread/INFO]: Cane Growth Modifier: 100%
[17:39:50] [Server thread/INFO]: Melon Growth Modifier: 100%
[17:39:50] [Server thread/INFO]: Mushroom Growth Modifier: 100%
[17:39:50] [Server thread/INFO]: Pumpkin Growth Modifier: 100%
[17:39:50] [Server thread/INFO]: Sapling Growth Modifier: 100%
[17:39:50] [Server thread/INFO]: Wheat Growth Modifier: 100%
[17:39:50] [Server thread/INFO]: NetherWart Growth Modifier: 100%
[17:39:50] [Server thread/INFO]: Anti X-Ray: true
[17:39:50] [Server thread/INFO]: 	Engine Mode: 1
[17:39:50] [Server thread/INFO]: 	Hidden Blocks: [14, 15, 16, 21, 48, 49, 54, 56, 73, 74, 82, 129, 130]
[17:39:50] [Server thread/INFO]: 	Replace Blocks: [1, 5]
[17:39:50] [Server thread/INFO]: Mob Spawn Range: 4
[17:39:50] [Server thread/INFO]: Allow Zombie Pigmen to spawn from portal blocks: true
[17:39:50] [Server thread/INFO]: Chunks to Grow per Tick: 650
[17:39:50] [Server thread/INFO]: Clear tick list: false
[17:39:50] [Server thread/INFO]: Experience Merge Radius: 3.0
[17:39:50] [Server thread/INFO]: -------- World Settings For [world_the_end] --------
[17:39:50] [Server thread/INFO]: Item Despawn Rate: 6000
[17:39:50] [Server thread/INFO]: Item Merge Radius: 2.5
[17:39:50] [Server thread/INFO]: Arrow Despawn Rate: 1200
[17:39:50] [Server thread/INFO]: View Distance: 10
[17:39:50] [Server thread/INFO]: Zombie Aggressive Towards Villager: true
[17:39:50] [Server thread/INFO]: Max Entity Collisions: 8
[17:39:50] [Server thread/INFO]: Custom Map Seeds:  Village: 10387312 Feature: 14357617
[17:39:50] [Server thread/INFO]: Max TNT Explosions: 100
[17:39:50] [Server thread/INFO]: Tile Max Tick Time: 50ms Entity max Tick Time: 50ms
[17:39:50] [Server thread/INFO]: Sending up to 10 chunks per packet
[17:39:50] [Server thread/INFO]: Entity Tracking Range: Pl 48 / An 48 / Mo 48 / Mi 32 / Other 64
[17:39:50] [Server thread/INFO]: Hopper Transfer: 8 Hopper Check: 8 Hopper Amount: 1
[17:39:50] [Server thread/INFO]: Random Lighting Updates: false
[17:39:50] [Server thread/INFO]: Structure Info Saving: true
[17:39:50] [Server thread/INFO]: Entity Activation Range: An 32 / Mo 32 / Mi 16
[17:39:50] [Server thread/INFO]: Nerfing mobs spawned from spawners: false
[17:39:50] [Server thread/INFO]: Cactus Growth Modifier: 100%
[17:39:50] [Server thread/INFO]: Cane Growth Modifier: 100%
[17:39:50] [Server thread/INFO]: Melon Growth Modifier: 100%
[17:39:50] [Server thread/INFO]: Mushroom Growth Modifier: 100%
[17:39:50] [Server thread/INFO]: Pumpkin Growth Modifier: 100%
[17:39:50] [Server thread/INFO]: Sapling Growth Modifier: 100%
[17:39:50] [Server thread/INFO]: Wheat Growth Modifier: 100%
[17:39:50] [Server thread/INFO]: NetherWart Growth Modifier: 100%
[17:39:50] [Server thread/INFO]: Anti X-Ray: true
[17:39:50] [Server thread/INFO]: 	Engine Mode: 1
[17:39:50] [Server thread/INFO]: 	Hidden Blocks: [14, 15, 16, 21, 48, 49, 54, 56, 73, 74, 82, 129, 130]
[17:39:50] [Server thread/INFO]: 	Replace Blocks: [1, 5]
[17:39:50] [Server thread/INFO]: Mob Spawn Range: 4
[17:39:50] [Server thread/INFO]: Allow Zombie Pigmen to spawn from portal blocks: true
[17:39:50] [Server thread/INFO]: Chunks to Grow per Tick: 650
[17:39:50] [Server thread/INFO]: Clear tick list: false
[17:39:50] [Server thread/INFO]: Experience Merge Radius: 3.0
[17:39:50] [Server thread/INFO]: Preparing start region for level 0 (Seed: 6143875616384934982)
[17:39:51] [Server thread/INFO]: Preparing spawn area: 15%
[17:39:52] [Server thread/INFO]: Preparing spawn area: 35%
[17:39:53] [Server thread/INFO]: Preparing spawn area: 63%
[17:39:54] [Server thread/INFO]: Preparing spawn area: 94%
[17:39:54] [Server thread/INFO]: Preparing start region for level 1 (Seed: 6143875616384934982)
[17:39:55] [Server thread/INFO]: Preparing spawn area: 44%
[17:39:56] [Server thread/INFO]: Preparing spawn area: 86%
[17:39:56] [Server thread/INFO]: Preparing start region for level 2 (Seed: 6143875616384934982)
[17:39:57] [Server thread/INFO]: Done (7,520s)! For help, type "help" or "?"
[17:40:05] [Server thread/INFO]: CONSOLE: [0;31;1mPlease note that this command is not supported and may cause issues when using some plugins.[m
[17:40:05] [Server thread/INFO]: CONSOLE: [0;31;1mIf you encounter any issues please use the /stop command to restart your server.[m
[17:40:05] [Server thread/INFO]: Debug logging is disabled
[17:40:05] [Server thread/INFO]: Server Ping Player Sample Count: 12
[17:40:05] [Server thread/INFO]: Using 4 threads for Netty based IO
[17:40:05] [Server thread/INFO]: -------- World Settings For [world] --------
[17:40:05] [Server thread/INFO]: Item Despawn Rate: 6000
[17:40:05] [Server thread/INFO]: Item Merge Radius: 2.5
[17:40:05] [Server thread/INFO]: Arrow Despawn Rate: 1200
[17:40:05] [Server thread/INFO]: View Distance: 10
[17:40:05] [Server thread/INFO]: Zombie Aggressive Towards Villager: true
[17:40:05] [Server thread/INFO]: Max Entity Collisions: 8
[17:40:05] [Server thread/INFO]: Custom Map Seeds:  Village: 10387312 Feature: 14357617
[17:40:05] [Server thread/INFO]: Max TNT Explosions: 100
[17:40:05] [Server thread/INFO]: Tile Max Tick Time: 50ms Entity max Tick Time: 50ms
[17:40:05] [Server thread/INFO]: Sending up to 10 chunks per packet
[17:40:05] [Server thread/INFO]: Entity Tracking Range: Pl 48 / An 48 / Mo 48 / Mi 32 / Other 64
[17:40:05] [Server thread/INFO]: Hopper Transfer: 8 Hopper Check: 8 Hopper Amount: 1
[17:40:05] [Server thread/INFO]: Random Lighting Updates: false
[17:40:05] [Server thread/INFO]: Structure Info Saving: true
[17:40:05] [Server thread/INFO]: Entity Activation Range: An 32 / Mo 32 / Mi 16
[17:40:05] [Server thread/INFO]: Nerfing mobs spawned from spawners: false
[17:40:05] [Server thread/INFO]: Cactus Growth Modifier: 100%
[17:40:05] [Server thread/INFO]: Cane Growth Modifier: 100%
[17:40:05] [Server thread/INFO]: Melon Growth Modifier: 100%
[17:40:05] [Server thread/INFO]: Mushroom Growth Modifier: 100%
[17:40:05] [Server thread/INFO]: Pumpkin Growth Modifier: 100%
[17:40:05] [Server thread/INFO]: Sapling Growth Modifier: 100%
[17:40:05] [Server thread/INFO]: Wheat Growth Modifier: 100%
[17:40:05] [Server thread/INFO]: NetherWart Growth Modifier: 100%
[17:40:05] [Server thread/INFO]: Anti X-Ray: true
[17:40:05] [Server thread/INFO]: 	Engine Mode: 1
[17:40:05] [Server thread/INFO]: 	Hidden Blocks: [14, 15, 16, 21, 48, 49, 54, 56, 73, 74, 82, 129, 130]
[17:40:05] [Server thread/INFO]: 	Replace Blocks: [1, 5]
[17:40:05] [Server thread/INFO]: Mob Spawn Range: 4
[17:40:05] [Server thread/INFO]: Allow Zombie Pigmen to spawn from portal blocks: true
[17:40:05] [Server thread/INFO]: Chunks to Grow per Tick: 650
[17:40:05] [Server thread/INFO]: Clear tick list: false
[17:40:05] [Server thread/INFO]: Experience Merge Radius: 3.0
[17:40:05] [Server thread/INFO]: -------- World Settings For [world_nether] --------
[17:40:05] [Server thread/INFO]: Item Despawn Rate: 6000
[17:40:05] [Server thread/INFO]: Item Merge Radius: 2.5
[17:40:05] [Server thread/INFO]: Arrow Despawn Rate: 1200
[17:40:05] [Server thread/INFO]: View Distance: 10
[17:40:05] [Server thread/INFO]: Zombie Aggressive Towards Villager: true
[17:40:05] [Server thread/INFO]: Max Entity Collisions: 8
[17:40:05] [Server thread/INFO]: Custom Map Seeds:  Village: 10387312 Feature: 14357617
[17:40:05] [Server thread/INFO]: Max TNT Explosions: 100
[17:40:05] [Server thread/INFO]: Tile Max Tick Time: 50ms Entity max Tick Time: 50ms
[17:40:05] [Server thread/INFO]: Sending up to 10 chunks per packet
[17:40:05] [Server thread/INFO]: Entity Tracking Range: Pl 48 / An 48 / Mo 48 / Mi 32 / Other 64
[17:40:05] [Server thread/INFO]: Hopper Transfer: 8 Hopper Check: 8 Hopper Amount: 1
[17:40:05] [Server thread/INFO]: Random Lighting Updates: false
[17:40:05] [Server thread/INFO]: Structure Info Saving: true
[17:40:05] [Server thread/INFO]: Entity Activation Range: An 32 / Mo 32 / Mi 16
[17:40:05] [Server thread/INFO]: Nerfing mobs spawned from spawners: false
[17:40:05] [Server thread/INFO]: Cactus Growth Modifier: 100%
[17:40:05] [Server thread/INFO]: Cane Growth Modifier: 100%
[17:40:05] [Server thread/INFO]: Melon Growth Modifier: 100%
[17:40:05] [Server thread/INFO]: Mushroom Growth Modifier: 100%
[17:40:05] [Server thread/INFO]: Pumpkin Growth Modifier: 100%
[17:40:05] [Server thread/INFO]: Sapling Growth Modifier: 100%
[17:40:05] [Server thread/INFO]: Wheat Growth Modifier: 100%
[17:40:05] [Server thread/INFO]: NetherWart Growth Modifier: 100%
[17:40:05] [Server thread/INFO]: Anti X-Ray: true
[17:40:05] [Server thread/INFO]: 	Engine Mode: 1
[17:40:05] [Server thread/INFO]: 	Hidden Blocks: [14, 15, 16, 21, 48, 49, 54, 56, 73, 74, 82, 129, 130]
[17:40:05] [Server thread/INFO]: 	Replace Blocks: [1, 5]
[17:40:05] [Server thread/INFO]: Mob Spawn Range: 4
[17:40:05] [Server thread/INFO]: Allow Zombie Pigmen to spawn from portal blocks: true
[17:40:05] [Server thread/INFO]: Chunks to Grow per Tick: 650
[17:40:05] [Server thread/INFO]: Clear tick list: false
[17:40:05] [Server thread/INFO]: Experience Merge Radius: 3.0
[17:40:05] [Server thread/INFO]: -------- World Settings For [world_the_end] --------
[17:40:05] [Server thread/INFO]: Item Despawn Rate: 6000
[17:40:05] [Server thread/INFO]: Item Merge Radius: 2.5
[17:40:05] [Server thread/INFO]: Arrow Despawn Rate: 1200
[17:40:05] [Server thread/INFO]: View Distance: 10
[17:40:05] [Server thread/INFO]: Zombie Aggressive Towards Villager: true
[17:40:05] [Server thread/INFO]: Max Entity Collisions: 8
[17:40:05] [Server thread/INFO]: Custom Map Seeds:  Village: 10387312 Feature: 14357617
[17:40:05] [Server thread/INFO]: Max TNT Explosions: 100
[17:40:05] [Server thread/INFO]: Tile Max Tick Time: 50ms Entity max Tick Time: 50ms
[17:40:05] [Server thread/INFO]: Sending up to 10 chunks per packet
[17:40:05] [Server thread/INFO]: Entity Tracking Range: Pl 48 / An 48 / Mo 48 / Mi 32 / Other 64
[17:40:05] [Server thread/INFO]: Hopper Transfer: 8 Hopper Check: 8 Hopper Amount: 1
[17:40:05] [Server thread/INFO]: Random Lighting Updates: false
[17:40:05] [Server thread/INFO]: Structure Info Saving: true
[17:40:05] [Server thread/INFO]: Entity Activation Range: An 32 / Mo 32 / Mi 16
[17:40:05] [Server thread/INFO]: Nerfing mobs spawned from spawners: false
[17:40:05] [Server thread/INFO]: Cactus Growth Modifier: 100%
[17:40:05] [Server thread/INFO]: Cane Growth Modifier: 100%
[17:40:05] [Server thread/INFO]: Melon Growth Modifier: 100%
[17:40:05] [Server thread/INFO]: Mushroom Growth Modifier: 100%
[17:40:05] [Server thread/INFO]: Pumpkin Growth Modifier: 100%
[17:40:05] [Server thread/INFO]: Sapling Growth Modifier: 100%
[17:40:05] [Server thread/INFO]: Wheat Growth Modifier: 100%
[17:40:05] [Server thread/INFO]: NetherWart Growth Modifier: 100%
[17:40:05] [Server thread/INFO]: Anti X-Ray: true
[17:40:05] [Server thread/INFO]: 	Engine Mode: 1
[17:40:05] [Server thread/INFO]: 	Hidden Blocks: [14, 15, 16, 21, 48, 49, 54, 56, 73, 74, 82, 129, 130]
[17:40:05] [Server thread/INFO]: 	Replace Blocks: [1, 5]
[17:40:05] [Server thread/INFO]: Mob Spawn Range: 4
[17:40:05] [Server thread/INFO]: Allow Zombie Pigmen to spawn from portal blocks: true
[17:40:05] [Server thread/INFO]: Chunks to Grow per Tick: 650
[17:40:05] [Server thread/INFO]: Clear tick list: false
[17:40:05] [Server thread/INFO]: Experience Merge Radius: 3.0
[17:40:05] [Server thread/INFO]: Set PluginClassLoader as parallel capable
[17:40:05] [Server thread/INFO]: [Vault] Loading Vault v1.5.0-b28
[17:40:05] [Server thread/INFO]: [Vault] Enabling Vault v1.5.0-b28
[17:40:05] [Server thread/INFO]: [Vault] [Permission] SuperPermissions loaded as backup permission system.
[17:40:05] [Server thread/INFO]: [Vault] Enabled Version 1.5.0-b28
[17:40:05] [Server thread/INFO]: Server permissions file permissions.yml is empty, ignoring it
[17:40:05] [Server thread/INFO]: CONSOLE: [0;32;1mReload complete.[m
[17:40:05] [Craft Scheduler Thread - 1/INFO]: [Vault] Checking for Updates ... 
[17:40:06] [Server thread/INFO]: Plugins (1): [0;32;1mVault[m
[17:40:06] [Craft Scheduler Thread - 1/WARN]: [Vault] Stable Version: 1.7.3 is out! You are still running version: 1.5.0
[17:40:06] [Craft Scheduler Thread - 1/WARN]: [Vault] Update at: http://dev.bukkit.org/server-mods/vault
[17:40:12] [Server thread/INFO]: Stopping the server
[17:40:12] [Server thread/INFO]: Stopping server
[17:40:12] [Server thread/INFO]: [Vault] Disabling Vault v1.5.0-b28
[17:40:12] [Server thread/INFO]: Saving players
[17:40:12] [Server thread/INFO]: Saving worlds
[17:40:12] [Server thread/INFO]: Saving chunks for level 'world'/Overworld
[17:40:12] [Server thread/INFO]: Saving chunks for level 'world_nether'/Nether
[17:40:12] [Server thread/INFO]: Saving chunks for level 'world_the_end'/The End
